Looking for git in: git
Using git 2.20.1 from git
> git rev-parse --git-dir
Open repository: /home/coder/project/codespace
> git status -z -u
> git symbolic-ref --short HEAD
> git for-each-ref --format=%(refname)%00%(upstream:short)%00%(objectname)%00%(upstream:track) refs/heads/main refs/remotes/main
> git for-each-ref --sort -committerdate --format %(refname) %(objectname) %(*objectname)
> git remote --verbose
Warning: Failed to watch ref '/home/coder/project/codespace/.git/refs/remotes/origin/main', is most likely packed.
> git config --get commit.template
> git check-ignore -v -z --stdin
> git show --textconv :README.md
> git ls-files --stage -- /home/coder/project/codespace/README.md
> git cat-file -s f5a3ee55faa7031a770bcc398e118bc23e22b76b
> git status -z -u
> git symbolic-ref --short HEAD
> git for-each-ref --format=%(refname)%00%(upstream:short)%00%(objectname)%00%(upstream:track) refs/heads/main refs/remotes/main
> git for-each-ref --sort -committerdate --format %(refname) %(objectname) %(*objectname)
> git remote --verbose
Warning: Failed to watch ref '/home/coder/project/codespace/.git/refs/remotes/origin/main', is most likely packed.
> git config --get commit.template
> git add -A -- .
> git -c user.useConfigOnly=true commit --quiet --allow-empty-message --file -

*** Please tell me who you are.

Run

  git config --global user.email "you@example.com"
  git config --global user.name "Your Name"

to set your account's default identity.
Omit --global to set the identity only in this repository.

fatal: no email was given and auto-detection is disabled
> git config --get-all user.name
> git ls-files --stage -- /home/coder/project/codespace/README.md
> git cat-file -s e03bc4ca70ff80257ea0397253753780e2728e79
> git show --textconv :README.md
> git status -z -u
> git symbolic-ref --short HEAD
> git for-each-ref --format=%(refname)%00%(upstream:short)%00%(objectname)%00%(upstream:track) refs/heads/main refs/remotes/main
> git for-each-ref --sort -committerdate --format %(refname) %(objectname) %(*objectname)
> git remote --verbose
Warning: Failed to watch ref '/home/coder/project/codespace/.git/refs/remotes/origin/main', is most likely packed.
> git config --get commit.template
> git -c user.useConfigOnly=true commit --quiet --allow-empty-message --file -
> git status -z -u
> git symbolic-ref --short HEAD
> git for-each-ref --format=%(refname)%00%(upstream:short)%00%(objectname)%00%(upstream:track) refs/heads/main refs/remotes/main
> git for-each-ref --sort -committerdate --format %(refname) %(objectname) %(*objectname)
> git remote --verbose
Warning: Failed to watch ref '/home/coder/project/codespace/.git/refs/remotes/origin/main', is most likely packed.
> git config --get commit.template
> git config --get commit.template
> git ls-files --stage -- /home/coder/project/codespace/README.md
> git cat-file -s e03bc4ca70ff80257ea0397253753780e2728e79
> git show --textconv :README.md
> git status -z -u
> git symbolic-ref --short HEAD
> git for-each-ref --format=%(refname)%00%(upstream:short)%00%(objectname)%00%(upstream:track) refs/heads/main refs/remotes/main
> git for-each-ref --sort -committerdate --format %(refname) %(objectname) %(*objectname)
> git remote --verbose
Warning: Failed to watch ref '/home/coder/project/codespace/.git/refs/remotes/origin/main', is most likely packed.
> git config --get commit.template
> git log --oneline --cherry main...main@{upstream} --
> git pull --tags origin main
From https://github.com/soyongkim/codespace
 * branch            main       -> FETCH_HEAD
> git push origin main:main
> git ls-files --stage -- /home/coder/project/codespace/README.md
> git cat-file -s e03bc4ca70ff80257ea0397253753780e2728e79
> git show --textconv :README.md
> git ls-files --stage -- /home/coder/project/codespace/README.md
> git cat-file -s e03bc4ca70ff80257ea0397253753780e2728e79
> git show --textconv :README.md
Missing or invalid credentials.
Error: socket hang up
    at connResetException (internal/errors.js:609:14)
    at Socket.socketOnEnd (_http_client.js:458:23)
    at Socket.emit (events.js:326:22)
    at endReadableNT (_stream_readable.js:1241:12)
    at processTicksAndRejections (internal/process/task_queues.js:84:21) {
  code: 'ECONNRESET'
}
remote: No anonymous write access.
fatal: Authentication failed for 'https://github.com/soyongkim/codespace.git/'
